[Message:   BepInEx] BepInEx 5.4.21.0 - Lethal Company (13/11/2023 23:27:36)
[Info   :   BepInEx] Running under Unity v2022.3.9.15351836
[Info   :   BepInEx] CLR runtime version: 4.0.30319.42000
[Info   :   BepInEx] Supports SRE: True
[Info   :   BepInEx] System platform: Bits64, Windows
[Message:   BepInEx] Preloader started
[Info   :   BepInEx] Loaded 1 patcher method from [BepInEx.Preloader 5.4.21.0]
[Info   :   BepInEx] 1 patcher plugin loaded
[Info   :   BepInEx] Patching [UnityEngine.CoreModule] with [BepInEx.Chainloader]
[Message:   BepInEx] Preloader finished
[Message:   BepInEx] Chainloader ready
[Message:   BepInEx] Chainloader started
[Info   :   BepInEx] 14 plugins to load
[Warning:   BepInEx] Plugin [Custom Boombox Music 1.3.1] targets a wrong version of BepInEx (5.4.22.0) and might not work until you update
[Warning:   BepInEx] Plugin [ItemQuickSwitchMod 1.1.0] targets a wrong version of BepInEx (5.4.22.0) and might not work until you update
[Warning:   BepInEx] Plugin [Late Company 1.0.4] targets a wrong version of BepInEx (5.4.22.0) and might not work until you update
[Warning:   BepInEx] Plugin [LetMeLookDown 1.0.1] targets a wrong version of BepInEx (5.4.22.0) and might not work until you update
[Warning:   BepInEx] Plugin [ObjectVolumeController 1.0.3] targets a wrong version of BepInEx (5.4.22.0) and might not work until you update
[Info   :   BepInEx] Loading [ShipLoot 1.0]
[Info   :   BepInEx] Loading [Custom Boombox Music 1.3.1]
[Info   :Custom Boombox Music] Loading...
[Info   :Custom Boombox Music] Initializing config...
[Info   :Custom Boombox Music] Config initialized!
[Info   :Custom Boombox Music] Loading Complete!
[Info   :   BepInEx] Loading [ItemQuickSwitchMod 1.1.0]
[Info   :ItemQuickSwitchMod] ItemQuickSwitchMod is creating binds!
[Info   :ItemQuickSwitchMod] Plugin ItemQuickSwitchMod is loaded!
[Info   :   BepInEx] Loading [LetMeLookDown 1.0.1]
[Info   :LetMeLookDown] LetMeLookDown mod loaded
[Info   :   BepInEx] Loading [ObjectVolumeController 1.0.3]
[Info   :ObjectVolumeController] ObjectVolumeController loaded
[Info   :   BepInEx] Loading [LC_API 1.0.0]
[Warning:    LC_API] 
.____    _________           _____  __________ .___  
|    |   \_   ___ \         /  _  \ \______   \|   | 
|    |   /    \  \/        /  /_\  \ |     ___/|   | 
|    |___\     \____      /    |    \|    |    |   | 
|_______ \\______  /______\____|__  /|____|    |___| 
        \/       \//_____/        \/                 
                                                     
[Info   :    LC_API] LC_API Starting up..
[Info   :   BepInEx] Loading [LethalFashion 1.0.3]
[Info   :LethalFashion] Plugin LethalFashion is loaded!
[Info   :LethalFashion] Harmony instance created
[Info   :LethalFashion] Patch applied successfully. You are now FASHIONABLE.
[Info   :   BepInEx] Loading [MoreCompany 1.4.1]
[Info   :MoreCompany] Loaded cosmetic: builtin.denimhat from bundle: 
[Info   :MoreCompany] Loaded cosmetic: builtin.fancyglasses from bundle: 
[Info   :MoreCompany] Loaded cosmetic: builtin.kittyears from bundle: 
[Info   :MoreCompany] Loaded cosmetic: builtin.eyeballs from bundle: 
[Info   :MoreCompany] Loaded cosmetic: builtin.santahat from bundle: 
[Info   :MoreCompany] Loaded cosmetic: builtin.3dglasses from bundle: 
[Info   :MoreCompany] Loaded cosmetic: builtin.flushedmanhead from bundle: 
[Info   :MoreCompany] Loaded cosmetic: builtin.gunholster from bundle: 
[Info   :MoreCompany] Loaded cosmetic: builtin.partyglasses from bundle: 
[Info   :MoreCompany] Loaded cosmetic: builtin.partyhat from bundle: 
[Info   :MoreCompany] Loaded cosmetic: builtin.tophat from bundle: 
[Info   :MoreCompany] Loaded cosmetic: builtin.watch from bundle: 
[Info   :   BepInEx] Loading [Enhancer 0.1.4]
[Info   :  Enhancer] Enabled, patching now
[Info   :  Enhancer] Doing protection patches
[Info   :   BepInEx] Loading [MouseBind 1.0.0]
[Info   :   BepInEx] Loading [QuickRestart 1.0.0]
[Info   :QuickRestart] QuickRestart loaded!
[Info   :   BepInEx] Loading [Flashlight 1.2.0]
[Info   :Flashlight] ------Flashlight done.------
[Info   :   BepInEx] Loading [WalkieUse 1.0.1]
[Info   : WalkieUse] ------Walkie done.------
[Info   :   BepInEx] Loading [Late Company 1.0.4]
[Info   :Late Company] Late Company loaded!
[Message:   BepInEx] Chainloader startup complete
[Message:    LC_API] BundleAPI will now load all asset bundles...
[Message:    LC_API] BundleAPI got 1 AssetBundles to load!
[Message:    LC_API] Got asset for load: assets/diagetic.mixer
[Message:    LC_API] Loaded asset: Diagetic
[Message:    LC_API] BundleAPI finished loading all assets.
[Info   :    LC_API] LC_API Started!
[Message:    LC_API] A plugin has set your game to only allow you to play with other people who have mods!
[Info   : Unity Log] Changing gamma
[Info   : Unity Log] override float value: 0
[Info   : Unity Log] Overriding float
[Info   : Unity Log] Gamma changed
[Info   : Unity Log] Set gamma to new value: 0; (0.00, 0.00, 0.00, 0.00) (True)
